[    0.000000] Initializing croup subsy cpuset
[    0.000000] Intializing cgroup subsys cpu
[    0.000000] Initializing cgroup subsys cpuacct
[    0.000000] Linux version 4.4.0-112-generic (buildd@lgw01-amd64-010) (gcc version 5.4.0 20160609 (Ubuntu 5.4.0-6ubuntu1~16.045) ) #135-buntu SMP Fri Jan  11:48:36 UTC 2018 (Ubuntu 4.4.0-112.135generic 4.4.98
[    0.000000] Cmmand line:BOOT_IMAGE/boot/vmlinuz-4.4.-112-generic rot=LBEL=cloudimg-ootfs roconsole=ty1 cnsole=ttyS0
[    0.00000] KERNEL supported cpus:
    0.00000]   Inel GenuineIntel
[    0.000000   AMD AutennticAMD
[    0.000000]   Centaur CenauHauls
[    0.000000] x86/fpu: xstate_offset[2]:  576, xstate_sizes[2]:  256
[    0.000000] x86/fpu: Supporting XSAVE feature 0x01: 'x87 floating point registers'
[    0.000000] x86/fpu: Supporting XSAVE feature 0x02: 'SSE registers'
[    0.000000] x86/fpu: Supporting XSAVE feature 0x04: 'AVX registers'
[    0.000000] x86/fpu: Enabled xstate features 0x7, context size is 832 bytes, using 'standard' format.
    .00000] x86/fpu: Using 'lazy' FPU contet switches.
[   0.000000] e820: BIOS-provided physical RAM map:
[    0.000000] BIOS-e820: [mem 0x0000000000000000-0x000000000009fbff] usable
[    0.000000] BIOS-e820: [mem 0x000000000009f00-0x00000000009ffff] reserved
[    0.00000] BIO-e82: [mm 0x00000000000f0000-0x0000000000fffff] eserved
[    0.000000] BIOS-e820: [mem 0x0000000000100000-0x000000003ffeffff] usable
[    0.000000 BIOS-e20: [mem 0x000000003ff0000-0x0000000fffffff] ACPI data
[    0.000000] BIS-e820: [mem 0x00000000fec00000-0x000000fec00fff] reerved
[    0.000000] BIOS-e820: [mem0x00000000fe00000-0x0000000fee00ff] reserved
[    0.000000] BIOS-e820: [mem 0x00000000fffc0000-0x00000000ffffffff] reserved
[    0.000000] NX (Execute Disable) protection: active
[    0.000000] SMBIOS 2.5 present.
[    0.000000] Hypervisor detected: KVM
[    0.000000] e820: last_pfn = 0x3fff0 max_arch_pfn = 0x400000000
[    0.000000] MTRR: Disabled
[    0.000000] x86/PAT: MTRRs disabled, skipping PAT initialization too.
[    0.000000] CPU MTRRs all blank - virtualized system.
[    0.000000] x86/PAT: Configuration [0-7]: WB  WT  UC- UC  WB  WT  UC- UC  
[    0.000000] found SMP MP-table at [mem 0x0009fff0-0x0009ffff] mapped at [ffff88000009fff0]
[    0.000000] Scanning 1 areas for low memory corruption
[    0.000000] RAMDISK: [mem 0x36adc000-0x37565fff]
[    0.000000] ACPI: Early table checksum verification disabled
[    0.000000] ACPI: RSDP 0x00000000000E0000 000024 (v02 VBOX  )
[    0.000000] ACPI: XSDT 0x000000003FFF0030 00003C (v01 VBOX   VBOXXSDT 00000001 ASL  00000061)
[    0.000000] ACPI: FACP 0x000000003FFF00F0 0000F4 (v04 VBOX   VBOXFACP 00000001 ASL  00000061)
[    0.000000] ACPI: DSDT 0x000000003FFF0470 0021FF (v02 VBOX   VBOXBIOS 00000002 INTL 20100528)
[    0.000000] ACPI: FACS 0x000000003FFF0200 000040
[    0.000000] ACPI: FACS 0x000000003FFF0200 000040
[    0.000000] ACPI: APIC 0x000000003FFF0240 00005C (v02 VBOX   VBOXAPIC 00000001 ASL  00000061)
[    0.000000] ACPI: SSDT 0x00000003FFF02A0 000CC (v01 VBOX  VBOXPUT 00000002 INL 20100528)
[    0.000000] No NUMA coniguration found
[    0.000000] Faking a node at [mem 0x0000000000000000-0x000000003ffeffff]
[    0.00000] NDE_DATA() allocated [mm 0x3ffeb000-0x3ffeffff]
[    0.000000] kvm-clock: Using msrs 4b564d01 and 4b564d00
[    0.000000] kvm-clock: cpu 0, msr 0:3ffe3001, primary cpu clock
[    0.000000] kvm-clock: using sched offset of 3574962876 cycles
[    0.000000] clocksource: kvm-clock: mask: 0xffffffffffffffff max_cycles: 0x1cd42e4dffb, max_idle_ns: 881590591483 ns
[    0.000000] Zone ranges:
[    0.000000]   DMA      [mem 0x0000000000001000-0x0000000000ffffff]
[    0.000000]   DMA32    [mem 0x0000000001000000-0x000000003ffeffff]
[    0.000000]   Normal   empty
[    0.000000]   Device   empty
[    0.000000] Movable zone start for each node
[    0.000000] Early memory node ranges
[    0.000000]   node   0: [mem 0x0000000000001000-0x000000000009efff]
[    0.000000]   node   0: [mem 0x0000000000100000-0x000000003ffeffff]
[    0.000000] Initmem setup node 0 [mem 0x0000000000001000-0x000000003ffeffff]
[    0.000000] ACPI: PM-Timer IO Port: 0x4008
[    0.000000] IOAPIC[0]: apic_id 2, version 32, address 0xfec00000, GSI 0-23
[    0.000000] ACPI: INT_SRC_OVR (bus 0 bus_irq 0 global_irq 2 dfl dfl)
[    0.000000] ACPI: INT_SRC_OVR (bus 0 bus_irq 99 global_irq 9 low level)
[    0.000000] Using ACPI (MADT) for SMP configuration information
[    0.000000] smpboot: Allowing 2 CPUs, 0 hotplug CPUs
[    0.000000] PM: Registered nosave memory: [mem 0x00000000-0x00000fff]
[    0.000000] PM: Registered nosave memory: [mem 0x0009f000-0x0009ffff]
[    0.000000] PM: Registered nosave memory: [mem 0x000a0000-0x000effff]
[    0.000000] PM: Registered nosave memory: [mem 0x000f0000-0x000fffff]
[    0.000000] e820: [mem 0x40000000-0xfebfffff] available for PCI devices
[    0.000000] Booting paravirtualized kernel on KVM
[    0.000000] clocksource: refined-jiffies: mask: 0xffffffff max_cycles: 0xffffffff, max_idle_ns: 7645519600211568 ns
[    0.000000] setup_percpu: NR_CPUS:512 nr_cpumask_bits:512 nr_cpu_ids:2 nr_node_ids:1
[    0.000000] PERCPU: Embedded 34 pages/cpu @ffff88003fc00000 s99544 r8192 d31528 u1048576
[    0.000000] PV qspinlock hash table entries: 256 (order: 0, 4096 bytes)
[    0.000000] Built 1 zonelists in Node order, mobility grouping on.  Total pages: 257913
[    0.000000] Policy zone: DM32
[    0.00000] Kernel command line: BOOT_IMAGE=/boot/vmlinuz-4.4.0-112-generic root=LABEL=cloudimg-rootfs ro console=tty1 console=ttyS0
[    0.000000] PID hash table entries: 4096 (order: 3, 32768 bytes)
[    0.000000] Memory: 1001740K/1048120K available (8499KK kernel code, 1309K rwdta, 3988K rodata, 1508K init, 1316K bss, 46380K reserved, 0K cma-reserved)
[    0.000000] SLUB:HWalign=64, Order=0-3, MinObjects=0, CPUs=2, Nods=1
[    .000000] Kernel/User pagetables isolatio: enabed
[    0.000000] Hierarchical RU mpleentation.
[    0.000000] Build-time adjustment of leaf faout t 64.
[    0.000000] 	RCUretricting CPUs from NR_CPUS=12 to nr_cu_ids=2.
[    0.000000] RCU: Adjusting geometry for rcu_fanout_leaf=64, nr_cpu_ids=2
[    0.000000] NR_IRQS:33024 nr_irqs:440 1
[    0.00000] Console: colour VGA+ 80x25
[   0.000000] console [tty1]enabed
[    0.000000] cosole [tyS0] enabled
[    0.000000] tsc: Detected 2294.688 MHz processor
[    1.503067] Calibrating delay loop (skipped) preset value.. 4589.37 BogoMIPS (lpj=9178752)
[    1.542947] pid_max: default: 32768 minimum: 301
[    1.559162] ACPI: Core revision 20150930
[    1.567762] ACPI: 2 ACPI AML tables successfully acquired and loaded
[    1.583958] Security Framework initialized
[    1.590407] Yama: becoming mindful.
[    1.594469] AppArmor: AppArmor initialized
[    1.610050] Dentry cache hash table entries: 131072 (order: 8, 1048576 bytes)
[    1.636054] Inode-cache hash table entries: 65536 (order: 7, 524288 bytes)
[    1.670353] Mount-cache hash table entries: 2048 (order: 2, 16384 bytes)
[    1.698364] Mountpoint-cache hash table entries: 2048 (order: 2, 16384 bytes)
[    1.714823] Initializing cgroup subsys io
[    1.729860] Initializing cgroup subsys memory
[    1.738157] Initializing cgroup subsys devices
[    1.762347] Initializing cgroup subsys freezer
[    1.774103] Initializing cgroup subsys net_cls
[    1.797985] Initializing cgroup subsys perf_event
[    1.810477] Initializing cgroup subsys net_prio
[    1.832246] Initializing cgroup subsys hugetlb
[    1.837933] Initializing cgroup subsys pids
[    1.852136] CPU: Physical Processor ID: 0
[    1.865909] CPU: Processor Core ID: 0
[    1.878364] FEATURE SPEC_CTRL Not Present
[    1.890601] mce: CPU supports 0 MCE banks
[    1.902251] Last level iTLB entries: 4KB 1024, 2MB 1024, 4MB 1024
[    1.922146] Last level dTLB entries: 4KB 1024, 2MB 1024, 4MB 1024, 1GB 4
[    1.941421] Freeing SMP alternatives memory: 32K
[    1.959091] ftrace: allocating 32180 entries in 126 pages
[    2.011360] smpboot: APIC(0) Converting physical 0 to logical package 0
[    2.033729] smpboot: Max logical packages: 1
[    2.035364] x2apic enabled
[    2.058219] Switched APIC routing to physical x2apic.
[    2.079634] ..TIMER: vector=0x30 apic1=0 pin1=2 apic2=-1 pin2=-1
[    2.221575] smpboot: CPU0: Intel(R) Core(TM) i7-4850HQ CPU @ 2.30GHz (family: 0x6, model: 0x46, stepping: 0x1)
[    2.259582] Performance Events: unsupported p6 CPU model 70 no PMU driver, software events only.
[    2.298928] KVM setup paravirtual spinlock
[    2.311157] x86: Booting SMP configuration:
[    2.327102] .... node  #0, CPUs:      #1
[    2.341939] kvm-clock: cpu 1, msr 0:3ffe3041, secondary cpu clock
[    2.355238] mce: CPU supports 0 MCE banks
[    2.365803] x86: Booted up 1 node, 2 CPUs
[    2.382296] smpboot: Total of 2 processors activated (9178.75 BogoMIPS)
[    2.402870] devtmpfs: initialized
[    2.409909] evm: security.selinux
[    2.415889] evm: security.SMACK64
[    2.422649] evm: security.SMACK64EXEC
[    2.435519] evm: security.SMACK64TRANSMUTE
[    2.446709] evm: security.SMACK64MMAP
[    2.455597] evm: security.ima
[    2.462824] evm: security.capability
[    2.474612] clocksource: jiffies: mask: 0xffffffff max_cycles: 0xffffffff, max_idle_ns: 7645041785100000 ns
[    2.500360] futex hash table entries: 512 (order: 3, 32768 bytes)
[    2.502260] pinctrl core: initialized pinctrl subsystem
[    2.503908] RTC time: 12:04:04, date: 02/07/19
[    2.510753] NET: Registered protocol family 16
[    2.530580] cpuidle: using governor ladder
[    2.554801] cpuidle: using governor menu
[    2.558258] PCCT header not found.
[    2.566777] ACPI: bus type PCI registered
[    2.578675] acpiphp: ACPI Hot Plug PCI Controller Driver version: 0.5
[    2.590719] PCI: Using configuration type 1 for base access
[    2.624435] ACPI: Added _OSI(Module Device)
[    2.635763] ACPI: Added _OSI(Processor Device)
[    2.644553] ACPI: Added _OSI(3.0 _SCP Extensions)
[    2.661955] ACPI: Added _OSI(Processor Aggregator Device)
[    2.677055] ACPI: Executed 1 blocks of module-level executable AML code
[    2.692946] ACPI: Interpreter enabled
[    2.699975] ACPI: (supports S0 S5)
[    2.710641] ACPI: Using IOAPIC for interrupt routing
[    2.725346] PCI: Using host bridge windows from ACPI; if necessary, use "pci=nocrs" and report a bug
[    2.752855] ACPI: PCI Root Bridge [PCI0] (domain 0000 [bus 00-ff])
[    2.770851] acpi PNP0A03:00: _OSC: OS supports [ASPM ClockPM Segments MSI]
[    2.800102] acpi PNP0A03:00: _OSC: not requesting OS control; OS requires [ExtendedConfig ASPM ClockPM MSI]
[    2.820067] acpi PNP0A03:00: fail to add MMCONFIG information, can't access extended PCI configuration space under this bridge.
[    2.825115] PCI host bridge to bus 0000:00
[    2.831058] pci_bus 0000:00: root bus resource [io  0x0000-0x0cf7 window]
[    2.834306] pci_bus 0000:00: root bus resource [io  0x0d00-0xffff window]
[    2.855043] pci_bus 0000:00: root bus resource [mem 0x000a0000-0x000bffff window]
[    2.883622] pci_bus 0000:00: root bus resource [mem 0x40000000-0xfdffffff window]
[    2.899374] pci_bus 0000:00: root bus resource [bus 00-ff]
[    2.914663] pci 0000:00:01.1: legacy IDE quirk: reg 0x10: [io  0x01f0-0x01f7]
[    2.928028] pci 0000:00:01.1: legacy IDE quirk: reg 0x14: [io  0x03f6]
[    2.946680] pci 0000:00:01.1: legacy IDE quirk: reg 0x18: [io  0x0170-0x0177]
[    2.963357] pci 0000:00:01.1: legacy IDE quirk: reg 0x1c: [io  0x0376]
[    2.999265] pci 0000:00:07.0: quirk: [io  0x4000-0x403f] claimed by PIIX4 ACPI
[    3.023897] pci 0000:00:07.0: quirk: [io  0x4100-0x410f] claimed by PIIX4 SMB
[    3.051525] ACPI: PCI Interrupt Link [LNKA] (IRQs 5 9 10 *11)
[    3.063087] ACPI: PCI Interrupt Link [LNKB] (IRQs 5 9 *10 11)
[    3.078639] ACPI: PCI Interrupt Link [LNKC] (IRQs 5 *9 10 11)
[    3.090013] ACPI: PCI Interrupt Link [LNKD] (IRQs 5 9 10 *11)
[    3.104127] ACPI: Enabled 2 GPEs in block 00 to 07
[    3.119525] vgaarb: setting as boot device: PCI:0000:00:02.0
[    3.132410] vgaarb: device added: PCI:0000:00:02.0,decodes=io+mem,owns=io+mem,locks=none
[    3.135017] vgaarb: loaded
[    3.136004] vgaarb: bridge control possible 0000:00:02.0
[    3.137799] SCSI subsystem initialized
[    3.140469] ACPI: bus type USB registered
[    3.142005] usbcore: registered new interface driver usbfs
[    3.151419] usbcore: registered new interface driver hub
[    3.163678] usbcore: registered new device driver usb
[    3.180927] PCI: Using ACPI for IRQ routing
[    3.191371] NetLabel: Initializing
[    3.193174] NetLabel:  domain hash size = 128
[    3.206776] NetLabel:  protocols = UNLABELED CIPSOv4
[    3.219256] NetLabel:  unlabeled traffic allowed by default
[    3.221456] amd_nb: Cannot enumerate AMD northbridges
[    3.223475] clocksource: Switched to clocksource kvm-clock
[    3.233897] AppArmor: AppArmor Filesystem Enabled
[    3.235901] pnp: PnP ACPI init
[    3.238680] pnp: PnP ACPI: found 3 devices
[    3.253996] clocksource: acp_pm: mask: 0xffffff max_cycles: 0xfffff, ax_ide_ns: 2085701024ns
[    3.37114] NET: Registreed potocol family 2

[    3.443782] TCP stabished hah table entries: 892 (order 4, 5536 bytes)

[    3.584125] TCPbind hash tableentries 8192 (order: 5, 131072 bytes)
[    3.656283] TC: Hash tabls cofigured (established 8192 bind192)[    3.796825] UDPhashtabl entres: 512 (order: 2, 16384 bytes)
[    3.911446] UDP-Lite hash table entries: 512 order: 2, 16384 byes)
[    3.957940] NET: Reistered protocol family1
[   4.00535] ci 0000:0000.0 Limting direct PCI/PCI transfers
[    4.142624] pci 0000:00:01.0: Activating ISA DMA hang workarounds
[   4.144736] Unpacking initrafs...

[    5.753590] Freeing initrd memory: 10792K
[    5.761436] platorm rtccmos: rgistered platform RTC device (no NP dvice found)
[   5.87759] Scannig for lo mmory corruptin every 60 econds

[    6.057128] audit: initializing netlink subsys (disabled)
[    6.068750] audit: type=2000 audit(1549541049.907:1): initialized
[    6.088592] Initialise system trusted keyring
[    6.100666] HugeTLB registered 2 MB page size, pre-allocated 0 pages
[    6.124932] zbud: loaded
[    6.132122] VFS Disk uotas dquo_6.6.0
[    6.223675] VFS: Dqut-cache hash table entries: 12 (order 0, 4096 ytes)
[    6.294343] squahfs: version 4.0 (2009/01/31 Philip Louger

[    6.38594] fuse init (API version 7.23)
[    6.17330] Key typebig_ky egistered
[    6.506770] Allocating IMA MOK and blackist keyrings.

[    6.535937] Key type asymmetric registered
[    6.537598] Asymmetric key parser 'x509' registered
[    6.541414] Block layer SCSI generic (bsg) driver version 0.4 loaded (major 249)
[    6.544802] io scheduler noop registered
[    6.546318] io scheduler deadline registered (default)
[    6.548320] io scheduler cfq registered
[    6.549845] pci_hotplug: PCI Hot Plug PCI Core version: 0.5
[    6.551984] pciehp: PCI Express Hot Plug Controller Driver version: 0.4
[    6.557303] ACPI: AC Adapter [AC] (on-line)
[    6.558833] input: Power Button s /devices/LXSYSTM:00/LNXPWBN:00/inputinput0

[    6.651021] ACPI: ower Button [PWRF]
[    6675741] iput: leepButton as /deices/LXSYSTM:00/LNXLPBN:00/nput/input1
[    .857126] tsc: Refined TSC clocksource clibration: 2294.593 Mz

[    6.942482] locksource: ts: mak: 0xffffffffffffffff max_cyces: 0x211341758e, max_idlens: 44079538741 ns

[    6.942581] ACPI: Sleep Button [SLPF]
[    7.112028] GHES: HEST is ot enabled!

[    7.113434] ACPI: Battery Slot [BAT0] (battery present)
[    7.113485] Serial: 8250/16550 driver, 32 ports, IRQ sharing enabled
[    7.140908] 00:02: ttyS0 at I/O 0x3f8 (irq = 4, base_baud = 115200) is a 16550A
[    7.169186] Linux agpgart interface v0.103
[    7.182470] loop: module loaded
[    7.182961] scsi host0: ata_piix
[    7.183005] scsi host1: ata_piix
[    7.183028] ata1: PATA max UDMA/33 cmd 0x1f0 ctl 0x3f6 bmdma 0xd000 irq 14
[    7.183028] ata2: PATA max UDMA/33 cmd 0x170 ctl 0x376 bmdma 0xd008 irq 15
[    7.183083] libphy: Fixed MDIO Bus: probed
[    7.183084] tun: Universal TUN/TAP device driver, 1.6
[    7.183085] tun: (C) 1999-2004 Max Krasnyansky <maxk@qualcomm.com>
[    7.183552] PPP generic driver version 2.4.2
[    7.183604] ehci_hcd: USB 2.0 'Enhanced' Host Controller (EHCI) Driver
[    7.183607] ehci-pci: EHCI PCI platform driver
[    7.183618] ehci-platform: EHCI generic platform driver
[    7.183624] ohci_hcd: USB 1.1 'Open' Host Controller (OHCI) Driver
[    7.183626] ohci-pci: OHCI PCI platform driver
[    7.183631] ohci-platform: OHCI generic platform driver
[    7.183636] uhci_hcd: USB Universal Host Controller Interface driver
[    7.183678] i8042: PNP: PS/2 Controller [PNP0303:PS2K,PNP0f03:PS2M] at 0x60,0x64 irq 1,12
[    7.196946] serio: i8042 KBD port at 0x60,0x64 irq 1
[    7.196949] serio: i8042 AUX port at 0x60,0x64 irq 12
[    7.197048] mousedev: PS/2 mouse device common for all mice
[    7.197386] rtc_cmos rtc_cmos: rtc core: registered rtc_cmos as rtc0
[    7.197433] rtc_cmos rtc_cmos: alarms up to one day, 114 bytes nvram
[    7.197438] i2c /dev entries driver
[    7.197484] device-mapper: uevent: version 1.0.3
[    7.197524] device-mapper: ioctl: 4.34.0-ioctl (2015-10-28) initialised: dm-devel@redhat.com
[    7.197540] ledtrig-cpu: registered to indicate activity on CPUs
[    7.197751] NET: Registered protocol family 10
[    7.197894] NET: Registered protocol family 17
[    7.197905] Key type dns_resolver registered
[    7.217134] microcode: CPU0 sig=0x40661, pf=0x40, revision=0x0
[    7.217150] microcode: CPU1 sig=0x40661, pf=0x40, revision=0x0
[    7.217218] microcode: Microcode Update Driver: v2.01 <tigran@aivazian.fsnet.co.uk>, Peter Oruba
[    7.217319] registered taskstats version 1
[    7.217330] Loading compiled-in X.509 certificates
[    7.217867] Loaded X.509 cert 'Build time autogenerated kernel key: 4c603087bab8f0a02cb3b4e1fb4c40f507e71ef1'
[    7.217880] zswap: loaded using pool lzo/zbud
[    7.219636] Key type trusted registered
[    7.222033] Key type encrypted registered
[    7.222042] AppArmor: AppArmor sha1 policy hashing enabled
[    7.222046] ima: No TPM chip found, activating TPM-bypass!
[    7.222070] evm: HMAC attrs: 0x1
[    7.222479]   Magic number: 7:285:76
[    7.222551] rtc_cmos rtc_cmos: setting system clock to 2019-02-07 12:04:08 UTC (1549541048)
[    7.222627] BIOS EDD facility v0.16 2004-Jun-25, 0 devices found
[    7.222627] EDD information not available.
[    7.291907] input: AT Translated Set 2 keyboard as /devices/platform/i8042/serio0/input/input2
[    7.670586] Freeing unused kernel memory: 1508K
[    7.672235] Write protecting the kernel read-only data: 14336k
[    7.674889] Freeing unused kernel memory: 1728K
[    7.677141] Freeing unused kernel memory: 108K
Loading, please wait...
starting version[    7.692278] random: systemd-udevd: uninitialized urandom read (16 bytes read, 3 bits of entropy available)
 229
[    7.692832] random: udevadm: uninitialized urandom read (16 bytes read, 3 bits of entropy available)
[    7.692849] random: udevadm: uninitialized urandom read (16 bytes read, 3 bits of entropy available)
[    7.700347] random: udevadm: uninitialized urandom read (16 bytes read, 3 bits of entropy available)
[    7.700389] random: udevadm: uninitialized urandom read (16 bytes read, 3 bits of entropy available)
[    7.700495] random: udevadm: uninitialized urandom read (16 bytes read, 3 bits of entropy available)
[    7.700534] random: udevadm: uninitialized urandom read (16 bytes read, 3 bits of entropy available)
[    7.700572] random: udevadm: uninitialized urandom read (16 bytes read, 3 bits of entropy available)
[    7.700610] random: udevadm: uninitialized urandom read (16 bytes read, 3 bits of entropy available)
[    7.700647] random: udevadm: uninitialized urandom read (16 bytes read, 3 bits of entropy available)
[    8.101656] Fusion MPT base driver 3.04.20
[    8.110104] Copyright (c) 1999-2008 LSI Corporation
[    8.118286] e1000: Intel(R) PRO/1000 Network Driver - version 7.3.21-k8-NAPI
[    8.149552] e1000: Copyright (c) 1999-2006 Intel Corporation.
[    8.189539] Fusion MPT SPI Host driver 3.04.20
[    8.212614] AVX2 version of gcm_enc/dec engaged.
[    8.224663] AES CTR mode by8 optimization enabled
[    8.380777] input: ImExPS/2 Generic Explorer Mouse as /devices/platform/i8042/serio1/input/input4
[    8.618098] e1000 0000:00:03.0 eth0: (PCI:33MHz:32-bit) 02:1f:2a:60:99:e3
[    8.635358] e1000 0000:00:03.0 eth0: Intel(R) PRO/1000 Network Connection
[    8.661310] e1000 0000:00:03.0 enp0s3: renamed from eth0
[    8.676652] mptbase: ioc0: Initiating bringup
[    8.744870] ioc0: LSI53C1030 A0: Capabilities={Initiator}
[    8.912302] scsi host2: ioc0: LSI53C1030 A0, FwRev=00000000h, Ports=1, MaxQ=256, IRQ=20
[    9.032645] scsi 2:0:0:0: Direct-Access     VBOX     HARDDISK         1.0  PQ: 0 ANSI: 5
[    9.037282] scsi target2:0:0: Beginning Domain Validation
[    9.044537] scsi target2:0:0: Domain Validation skipping write tests
[    9.048112] scsi target2:0:0: Ending Domain Validation
[    9.049776] scsi target2:0:0: asynchronous
[    9.081676] scsi 2:0:1:0: Direct-Access     VBOX     HARDDISK         1.0  PQ: 0 ANSI: 5
[    9.101387] scsi target2:0:1: Beginning Domain Validation
[    9.105792] scsi target2:0:1: Domain Validation skipping write tests
[    9.116048] scsi target2:0:1: Ending Domain Validation
[    9.131812] scsi target2:0:1: asynchronous
[    9.171119] sd 2:0:0:0: [sda] 20971520 512-byte logical blocks: (10.7 GB/10.0 GiB)
[    9.173633] sd 2:0:0:0: Attached scsi generic sg0 type 0
[    9.175798] sd 2:0:1:0: Attached scsi generic sg1 type 0
[    9.177398] sd 2:0:1:0: [sdb] 20480 512-byte logical blocks: (10.5 MB/10.0 MiB)
[    9.183111] sd 2:0:0:0: [sda] Write Protect is off
[    9.192615] sd 2:0:1:0: [sdb] Write Protect is off
[    9.211973] sd 2:0:0:0: [sda] Incomplete mode parameter data
[    9.235865] sd 2:0:0:0: [sda] Assuming drive cache: write through
[    9.241654] sd 2:0:1:0: [sdb] Incomplete mode parameter data
[    9.241655] sd 2:0:1:0: [sdb] Assuming drive cache: write through
[    9.245054] sd 2:0:1:0: [sdb] Attached SCSI disk
[    9.303806]  sda: sda1
[    9.319593] sd 2:0:0:0: [sda] Attached SCSI disk
[   11.215928] floppy0: no floppy controllers found
Begin: Loading essential drivers[   12.546492] md: linear personality registered for level -1
 ... [   12.575459] md: multipath personality registered for level -4
[   12.591351] md: raid0 personality registered for level 0
[   12.603549] md: raid1 personality registered for level 1
[   12.695719] raid6: sse2x1   gen()  9705 MB/s
[   12.771702] raid6: sse2x1   xor()  7710 MB/s
[   12.868017] raid6: sse2x2   gen() 12183 MB/s
[   12.955604] raid6: sse2x2   xor()  7635 MB/s
[   13.031780] raid6: sse2x4   gen() 12496 MB/s
[   13.107641] raid6: sse2x4   xor()  8776 MB/s
[   13.179631] raid6: avx2x1   gen() 15312 MB/s
[   13.247802] raid6: avx2x2   gen() 15859 MB/s
[   13.323599] raid6: avx2x4   gen() 21898 MB/s
[   13.328358] raid6: using algorithm avx2x4 gen() 21898 MB/s
[   13.337249] raid6: using avx2x2 recovery algorithm
[   13.344362] xor: automatically using best checksumming function:
[   13.387586]    avx       : 18151.000 MB/sec
[   13.400084] async_tx: api initialized (async)
[   13.419493] md: raid6 personality registered for level 6
[   13.436072] md: raid5 personality registered for level 5
[   13.460546] md: raid4 personality registered for level 4
[   13.490122] md: raid10 personality registered for level 10
done.
Begin: Running /scripts/init-premount ... done.
Begin: Mounting root file sys[   13.537714] Btrfs loaded
tem ... Begin: Running /scripts/local-top ... done.
Begin: Running /scripts/local-premount ... Scanning for Btrfs filesystems
done.
Warning: fsck not present, so skipping root file system
[   13.574529] EXT4-fs (sda1): mounted filesystem with ordered data mode. Opts: (null)
done.
Begin: Running /scripts/local-bottom ... done.
Begin: Running /scripts/init-bottom ... done.
[   13.671762] systemd[1]: systemd 229 running in system mode. (+PAM +AUDIT +SELINUX +IMA +APPARMOR +SMACK +SYSVINIT +UTMP +LIBCRYPTSETUP +GCRYPT +GNUTLS +ACL +XZ -LZ4 +SECCOMP +BLKID +ELFUTILS +KMOD -IDN)
[   13.744864] systemd[1]: Detected virtualization oracle.
[   13.753696] systemd[1]: Detected architecture x86-64.

Welcome to [1mUbuntu 16.04.3 LTS[0m!

[   13.782299] systemd[1]: Set hostname to <ubuntu>.
[   13.792178] systemd[1]: Initializing machine ID from random generator.
[   13.794116] systemd[1]: Installed transient /etc/machine-id file.
[   13.920181] systemd[1]: Set up automount Arbitrary Executable File Formats File System Automount Point.
[[0;32m  OK  [0m] Set up automount Arbitrary Executab...ats File System Automount Point.
[   13.940104] systemd[1]: Listening on udev Kernel Socket.
[[0;32m  OK  [0m] Listening on udev Kernel Socket.
[   13.968310] systemd[1]: Created slice System Slice.
[[0;32m  OK  [0m] Created slice System Slice.
[   13.989669] systemd[1]: Started Forward Password Requests to Wall Directory Watch.
[[0;32m  OK  [0m] Started Forward Password Requests to Wall Directory Watch.
[   14.024168] systemd[1]: Listening on udev Control Socket.
[[0;32m  OK  [0m] Listening on udev Control Socket.
[   14.041269] systemd[1]: Reached target Encrypted Volumes.
[[0;32m  OK  [0m] Reached target Encrypted Volumes.
[   14.077472] systemd[1]: Listening on LVM2 poll daemon socket.
[[0;32m  OK  [0m] Listening on LVM2 poll daemon socket.
[   14.115889] systemd[1]: Listening on Journal Socket.
[[0;32m  OK  [0m] Listening on Journal Socket.
[   14.139941] systemd[1]: Starting Remount Root and Kernel File Systems...
[   14.143630] EXT4-fs (sda1): re-mounted. Opts: (null)
         Starting Remount Root and Kernel File Systems...
[   14.169589] systemd[1]: Reached target User and Group Name Lookups.
[[0;32m  OK  [0m] Reached target User and Group Name Lookups.
[   14.195824] systemd[1]: Listening on Syslog Socket.
[[0;32m  OK  [0m] Listening on Syslog Socket.
[   14.228063] systemd[1]: Listening on Journal Audit Socket.
[[0;32m  OK  [0m] Listening on Journal Audit Socket.
[   14.267136] systemd[1]: Reached target Swap.
[[0;32m  OK  [0m] Reached target Swap.
[   14.283751] systemd[1]: Starting Uncomplicated firewall...
         Starting Uncomplicated firewall...
[   14.294821] systemd[1]: Listening on LVM2 metadata daemon socket.
[[0;32m  OK  [0m] Listening on LVM2 metadata daemon socket.
[   14.299849] systemd[1]: Created slice User and Session Slice.
[[0;32m  OK  [0m] Created slice User and Session Slice.
[   14.304516] systemd[1]: Reached target Slices.
[[0;32m  OK  [0m] Reached target Slices.
[   14.308531] systemd[1]: Mounting Huge Pages File System...
         Mounting Huge Pages File System...
[   14.315747] systemd[1]: Mounting Debug File System...
         Mounting Debug File System...
[   14.321733] systemd[1]: Starting Set console keymap...
         Starting Set console keymap...
[   14.326592] systemd[1]: Listening on Journal Socket (/dev/log).
[[0;32m  OK  [0m] Listening on Journal Socket (/dev/log).
[   14.335829] systemd[1]: Starting Journal Service...
         Starting Journal Service...
[   14.347022] systemd[1]: Starting Nameserver information manager...
         Starting Nameserver information manager...
[   14.376780] systemd[1]: Started Trigger resolvconf update for networkd DNS.
[[0;32m  OK  [0m] Started Trigger resolvconf update for networkd DNS.
[   14.409906] systemd[1]: Created slice system-serial\x2dgetty.slice.
[[0;32m  OK  [0m] Created slice system-serial\x2dgetty.slice.
[   14.435927] systemd[1]: Starting Load Kernel Modules...
         Startin[   14.443032] Loading iSCSI transport class v2.0-870.
g Load Kernel Modules...
[   14.474733] iscsi: registered transport (tcp)
[   14.517639] iscsi: registered transport (iser)
[   14.520025] systemd[1]: Mounting POSIX Message Queue File System...
         Mounting POSIX Message Queue File System...
[   14.556397] systemd[1]: Listening on Device-mapper event daemon FIFOs.
[[0;32m  OK  [0m] Listening on Device-mapper event daemon FIFOs.
[   14.608019] systemd[1]: Starting Monitoring of LVM2 mirrors, snapshots etc. using dmeventd or progress polling...
         Starting Monitoring of LVM2 mirrors... dmeventd or progress polling...
[   14.633756] systemd[1]: Starting Create list of required static device nodes for the current kernel...
         Starting Create list of required st... nodes for the current kernel...
[   14.660900] systemd[1]: Listening on /dev/initctl Compatibility Named Pipe.
[[0;32m  OK  [0m] Listening on /dev/initctl Compatibility Named Pipe.
[   14.704856] systemd[1]: Mounted Huge Pages File System.
[[0;32m  OK  [0m] Mounted Huge Pages File System.
[   14.723946] systemd[1]: Mounted Debug File System.
[[0;32m  OK  [0m] Mounted Debug File System.
[   14.759986] systemd[1]: Mounted POSIX Message Queue File System.
[[0;32m  OK  [0m] Mounted POSIX Message Queue File System.
[   14.800507] systemd[1]: Started Journal Service.
[[0;32m  OK  [0m] Started Journal Service.
[[0;32m  OK  [0m] Started Remount Root and Kernel File Systems.
[[0;32m  OK  [0m] Started Uncomplicated firewall.
[[0;32m  OK  [0m] Started Set console keymap.
[[0;32m  OK  [0m] Started Load Kernel Modules.
[[0;32m  OK  [0m] Started Create list of required sta...ce nodes for the current kernel.
[   14.940618] random: nonblocking pool is initialized
[[0;32m  OK  [0m] Started Nameserver information manager.
[[0;32m  OK  [0m] Started LVM2 metadata daemon.
         Starting Create Static Device Nodes in /dev...
         Starting Apply Kernel Variables...
         Mounting FUSE Control File System...
         Starting Load/Save Random Seed...
         Starting Initial cloud-init job (pre-networking)...
         Starting udev Coldplug all Devices...
         Starting Flush Journal to Persistent Storage...
[[0;32m  OK  [0m] Mounted FUSE Control File System.
[[0;32m  OK  [0m] Started Create Static Device Nodes in /dev.
[[0;32m  OK  [0m] Started Apply Kernel Variables.
[[0;32m  OK  [0m] Started Load/Save Random Seed.
[[0;32m  OK  [0m] Started Flush Journal to Persistent Storage.
[[0;32m  OK  [0m] Started udev Coldplug all Devices.
         Starting udev Kernel Device Manager...
[[0;32m  OK  [0m] Started udev Kernel Device Manager.
[[0;32m  OK  [0m] Started Dispatch Password Requests to Console Directory Watch.
[[0;32m  OK  [0m] Started Monitoring of LVM2 mirrors,...ng dmeventd or progress polling.
[[0;32m  OK  [0m] Reached target Local File Systems (Pre).
[[0;32m  OK  [0m] Reached target Local File Systems.
         Starting Create Volatile Files and Directories...
         Starting Commit a transient machine-id on disk...
         Starting Tell Plymouth To Write Out Runtime Data...
         Starting LSB: AppArmor initialization...
         Starting Set console font and keymap...
[[0;32m  OK  [0m] Started Create Volatile Files and Directories.
[[0;32m  OK  [0m] Started Commit a transient machine-id on disk.
[[0;32m  OK  [0m] Started Tell Plymouth To Write Out Runtime Data.
[[0;32m  OK  [0m] Found device /dev/ttyS0.
[[0;32m  OK  [0m] Reached target System Time Synchronized.
         Starting Update UTMP about System Boot/Shutdown...
[[0;32m  OK  [0m] Started Update UTMP about System Boot/Shutdown.
[   13.449266] cloud-init[457]: Cloud-init v. 17.1 running 'init-local' at Thu, 07 Feb 2019 12:04:16 +0000. Up 13.04 seconds.
[[0;32m  OK  [0m] Listening on Load/Save RF Kill Switch Status /dev/rfkill Watch.
[[0;32m  OK  [0m] Started LSB: AppArmor initialization.
[[0;32m  OK  [0m] Started Initial cloud-init job (pre-networking).
[[0;32m  OK  [0m] Reached target Network (Pre).
         Starting Raise network interfaces...
[[0;32m  OK  [0m] Started Set console font and keymap.
[[0;32m  OK  [0m] Created slice system-getty.slice.
[[0;32m  OK  [0m] Started Raise network interfaces.
         Starting Initial cloud-init job (metadata service crawler)...
[[0;32m  OK  [0m] Reached target Network.
[   16.815332] cloud-init[949]: Cloud-init v. 17.1 running 'init' at Thu, 07 Feb 2019 12:04:20 +0000. Up 16.16 seconds.
[   16.852887] cloud-init[949]: ci-info: +++++++++++++++++++++++++++++++++++++Net device info++++++++++++++++++++++++++++++++++++++
[   16.877184] [[0;32m  OK  [0m] Started Initial cloud-init job (metadata service crawler).
cloud-init[949]: ci-info: +--------+------+----------------------------+---------------+-------+-------------------+
[   16.928588] [cloud-init[0;32m  OK  [0m[949]: ] ci-info: | Device |  Up  |          Address           |      Mask     | Scope |     Hw-Address    |Reached target System Initialization.

[   17.000978] [cloud-init[0;32m  OK  [0m[949]: ] ci-info: +--------+------+----------------------------+---------------+-------+-------------------+Started Daily Cleanup of Temporary Directories.

[   17.065113] [cloud-init[0;32m  OK  [0m[949]: ] ci-info: | enp0s3 | True |         10.0.2.15          | 255.255.255.0 |   .   | 02:1f:2a:60:99:e3 |Listening on ACPID Listen Socket.

[   17.133463] [[0;32m  OK  [0m] Started ACPI Events Check.
cloud-init[949]: ci-info: | enp0s3 | True | fe80::1f:2aff:fe60:99e3/64 |       .       |  link | 02:1f:2a:60:99:e3 |
[[0;32m  OK  [0m] Reached target Paths.
         Starting LXD - unix socket.
[[0;32m  OK  [0m] Listening on UUID daemon activation socket.
         Starting Socket activation for snappy daemon.
[[0;32m  OK  [0m] Started Timer to automatically refresh installed snaps.
[[0;32m  OK  [0m] Listening on D-Bus System Message Bus Socket.
[[0;32m  OK  [0m] Reached target Network is Online.
[[0;32m  OK  [0m] Started Daily apt download activities.
[[0;32m  OK  [0m] Started Daily apt upgrade and clean activities.
[   17.135748] cloud-init[949]: ci-info: |   lo   | True |         127.0.0.1          |   255.0.0.0   |   .   |         .         |
[   17.193203] [[0;32m  OK  [0m] Reached target Timers.
cloud-init[949]: ci-info: |   lo   | True |          ::1/128           |       .       |  host |         .         |
[   17.201053] cloud-init[949]: ci-info: +--------+------+----------------------------+---------------+-------+-------------------+
         Starting iSCSI initiator daemon (iscsid)...
[   17.209138] cloud-init[[0;32m  OK  [0m] Reached target Cloud-config availability.
[[0;32m  OK  [0m] Listening on LXD - unix socket.
[[0;32m  OK  [0m] Listening on Socket activation for snappy daemon.
[949]: ci-info: +++++++++++++++++++++++++++Route IPv4 info++++++++++++++++++++++++++++
[[0;32m  OK  [0m] Reached target Sockets.
[[0;32m  OK  [0m] Reached target Basic System.
[   17.230024] cloud-init[949]: ci-info: +-------+-------------+----------+---------------+-----------+-------+
[   17.280257] cloud-init[949]: ci-info: | Route | Destination | Gateway  |    Genmask    | Interface | Flags |
         Starting /etc/rc.local Compatibility...
[   17.281026] cloud-init[949]: ci-info: +-------+-------------+----------+---------------+-----------+-------+
[   17.325426] cloud-init[949]: ci-info: |   0   |   0.0.0.0   | 10.0.2.2 |    0.0.0.0    |   enp0s3  |   UG  |
[[0;32m  OK  [0m] Started Deferred execution scheduler.
[   17.326204] cloud-init[949]: ci-info: |   1   |   10.0.2.0  | 0.0.0.0  | 255.255.255.0 |   enp0s3  |   U   |
[   17.392762] cloud-init[949]: ci-info: +-------+-------------+----------+---------------+-----------+-------+
[   17.393977] cloud-init[949]: Generating public/private rsa key pair.
[   17.394076] [cloud-init[949]: [0;32m  OK  [0mYour identification has been saved in /etc/ssh/ssh_host_rsa_key.] 
Started ACPI event daemon.
[   17.394127] cloud-init[949]: Your public key has been saved in /etc/ssh/ssh_host_rsa_key.pub.
         Starting Pollinate to seed the pseudo random number generator...
[   17.570799] cloud-init[949]: The key fingerprint is:
         Starting LSB: MD monitoring daemon...
         Starting LSB: Record successful boot for GRUB...[   17.600569] cloud-init[949]: SHA256:9cE90DhDwKutfovKTwpYQsLJQt8Vhhg9wEwW9z+niv0 root@ubuntu-xenial
[   17.610593] 
cloud-init[949]: The key's randomart image is:
[   17.656184] cloud-init[949]: +---[RSA 2048]----+
[   17.656655] cloud-init[949]: | .+**..+...ooo   |
[   17.656693] cloud-init[949]: |+ ++o++   ..+o.  |
[   17.656723] cloud-init[949]: |o+.. ...  ..ooo  |
[   17.656753] cloud-init[949]: |.o      .... . . |
[   17.656784] cloud-init[949]: |  . .   S= ..    |
[   17.656813] cloud-init[949]: |   +    . =      |
[   17.656843] cloud-init[949]: |  . .   .o       |
[   17.656877] cloud-init[949]: |     oooo..      |
[   17.656907] cloud-init[949]: |     .+*=E..     |
[   17.656937] cloud-init[949]: +----[SHA256]-----+
[   17.656966] cloud-init[949]: Generating public/private dsa key pair.
[   17.656997] cloud-init[949]: Your identification has been saved in /etc/ssh/ssh_host_dsa_key.
[   17.657028] cloud-init[949]: Your public key has been saved in /etc/ssh/ssh_host_dsa_key.pub.
[   17.657066] cloud-init[949]: The key fingerprint is:
[   17.657097] cloud-init[949]: SHA256:p1kmTooU6II+vouNVXCbTc2HbQfeDGiHqpcaIV0bKrw root@ubuntu-xenial
[   17.657136] cloud-init[949]: The key's randomart image is:
[   17.657169] cloud-init[949]: +---[DSA 1024]----+
[   17.657201] cloud-init[949]: |         oo      |
[   17.657230] cloud-init[949]: |   .  oo++.=     |
[   17.657260] cloud-init[949]: | .o.oo.=+.= +    |
[   17.657290] cloud-init[949]: |..+o+*o  o .     |
[   17.657320] cloud-init[949]: |o .+=o..S +      |
[   17.657351] cloud-init[949]: |..Eoo.o+ B       |
[   17.657380] cloud-init[949]: | o. .+. +        |
[   17.657409] cloud-init[949]: |o+. .            |
[   17.657440] cloud-init[949]: |o++              |
[   17.657472] cloud-init[949]: +----[SHA256]-----+
[   17.657503] cloud-init[949]: Generating public/private ecdsa key pair.
[   17.657532] cloud-init[949]: Your identification has been saved in /etc/ssh/ssh_host_ecdsa_key.
[   17.657563] cloud-init[949]: Your public key has been saved in /etc/ssh/ssh_host_ecdsa_key.pub.
[   17.657593] cloud-init[949]: The key fingerprint is:
[   17.657624] cloud-init[949]: SHA256:3HAZuY6UZRy1JEdYnu6oxbrQvocKwLF3oAyAJgKz1xw root@ubuntu-xenial
[   17.657653] cloud-init[949]: The key's randomart image is:
[   17.657683] cloud-init[949]: +---[ECDSA 256]---+
[   17.657713] cloud-init[949]: |*   E    .+B*    |
[   17.657743] cloud-init[949]: |=+ o .    *B o   |
[   17.657773] cloud-init[949]: |* o +   .+o.+    |
[   17.657802] cloud-init[949]: | = + . .o+..     |
[   17.657834] cloud-init[949]: |  * . ..So. .    |
[   17.657864] cloud-init[949]: |   o . ....o     |
[   17.657894] cloud-init[949]: |    . . ..+ .    |
[   17.657924] cloud-init[949]: |     . o.+.      |
[   17.657954] cloud-init[949]: |      ..*+       |
[   17.657984] cloud-init[949]: +----[SHA256]-----+
[   17.658013] cloud-init[949]: Generating public/private ed25519 key pair.
[   17.658043] cloud-init[949]: Your identification has been saved in /etc/ssh/ssh_host_ed25519_key.
[   17.658073] cloud-init[949]: Your public key has been saved in /etc/ssh/ssh_host_ed25519_key.pub.
[   17.658103] cloud-init[949]: The key fingerprint is:
[   17.658133] cloud-init[949]: SHA256:3SF7LM0Re+KSEj3N3YbtTfYHvdlilfRFoJUEk/3zUUc root@ubuntu-xenial
[   17.658208] cloud-init[949]: The key's randomart image is:
[   17.658244] cloud-init[949]: +--[ED25519 256]--+
[   17.658275] cloud-init[949]: |            +=+*E|
[   17.658306] cloud-init[949]: |         . o.B+=*|
[   17.658335] cloud-init[949]: |        . + O =o%|
[   17.658366] cloud-init[949]: |         o @ = XB|
[   17.658395] cloud-init[949]: |        S * B ooX|
[   17.658425] cloud-init[949]: |         . + . .o|
[   17.658454] cloud-init[949]: |                 |
[   17.658483] cloud-init[949]: |                 |
[   17.658802] cloud-init[949]: |                 |
[   17.658839] cloud-init[949]: +----[SHA256]-----+
         Starting Apply the settings specified in cloud-config...
[   17.941150] cloud-init[1078]: Generating locales (this might take a while)...
[[0;32m  OK  [0m] Started Regular background program processing daemon.
[[0;32m  OK  [0m] Started Unattended Upgrades Shutdown.
[[0;32m  OK  [0m] Started D-Bus System Message Bus.
         Starting System Logging Service...
[[0;32m  OK  [0m] Started FUSE filesystem for LXC.
         Starting Snappy daemon...
         Starting Accounts Service...
         Starting Login Service...
         Starting LXD - container startup/shutdown...
[[0;32m  OK  [0m] Started System Logging Service.
[[0;32m  OK  [0m] Started /etc/rc.local Compatibility.
[[0;32m  OK  [0m] Started iSCSI initiator daemon (iscsid).
[[0;32m  OK  [0m] Started LXD - container startup/shutdown.
[[0;32m  OK  [0m] Started Snappy daemon.
[[0;32m  OK  [0m] Started LSB: Record successful boot for GRUB.
[[0;32m  OK  [0m] Started LSB: MD monitoring daemon.
[   18.686721] cloud-init[1078]:   en_US.UTF-8... done
[   18.724838] cloud-init[1078]: Generation complete.
[[0;32m  OK  [0m] Started Login Service.
         Starting Authenticate and Authorize Users to Run Privileged Tasks...
         Starting Login to default iSCSI targets...
[[0;32m  OK  [0m] Started Authenticate and Authorize Users to Run Privileged Tasks.
[[0;32m  OK  [0m] Started Accounts Service.
[[0;32m  OK  [0m] Started Login to default iSCSI targets.
[[0;32m  OK  [0m] Reached target Remote File Systems (Pre).
[[0;32m  OK  [0m] Reached target Remote File Systems.
         Starting LSB: VirtualBox Linux Additions...
         Starting LSB: Set the CPU Frequency Scaling governor to "ondemand"...
[   18.953926] cloud-init[1078]: Cloud-init v. 17.1 running 'modules:config' at Thu, 07 Feb 2019 12:04:21 +0000. Up 17.82 seconds.
         Starting Permit User Sessions...
         Starting LSB: automatic crash report generation...
         Starting LSB: daemon to balance interrupts for SMP systems...
[[0;32m  OK  [0m] Started Apply the settings specified in cloud-config.
[[0;32m  OK  [0m] Started Permit User Sessions.
[[0;32m  OK  [0m] Started LSB: Set the CPU Frequency Scaling governor to "ondemand".
         Starting Hold until boot process finishes up...
         Starting Terminate Plymouth Boot Screen...
[[0;32m  OK  [0m] Started LSB: VirtualBox Linux Additions.
[[0;32m  OK  [0m] Started LSB: automatic crash report generation.
[[0;32m  OK  [0m] Started Hold until boot process finishes up.
[[0;32m  OK  [0m] Started Terminate Plymouth Boot Screen.
[[0;32m  OK  [0m] Started Serial Getty on ttyS0.
[[0;32m  OK  [0m] Started Getty on tty1.
[[0;32m  OK  [0m] Reached target Login Prompts.
         Starting Set console scheme...
[[0;32m  OK  [0m] Started LSB: daemon to balance interrupts for SMP systems.
[[0;32m  OK  [0m] Started Set console scheme.
[[0;32m  OK  [0m] Started Pollinate to seed the pseudo random number generator.
         Starting OpenBSD Secure Shell server...
[[0;32m  OK  [0m] Started OpenBSD Secure Shell server.
[[0;32m  OK  [0m] Reached target Multi-User System.
[[0;32m  OK  [0m] Reached target Graphical Interface.
         Starting Update UTMP about System Runlevel Changes...
         Starting Execute cloud user/final scripts...
[[0;32m  OK  [0m] Started Update UTMP about System Runlevel Changes.
ci-info: no authorized ssh keys fingerprints found for user ubuntu.
<14>Feb  7 12:04:24 ec2: 
<14>Feb  7 12:04:24 ec2: #############################################################
<14>Feb  7 12:04:24 ec2: -----BEGIN SSH HOST KEY FINGERPRINTS-----
<14>Feb  7 12:04:24 ec2: 1024 SHA256:p1kmTooU6II+vouNVXCbTc2HbQfeDGiHqpcaIV0bKrw root@ubuntu-xenial (DSA)
<14>Feb  7 12:04:24 ec2: 256 SHA256:3HAZuY6UZRy1JEdYnu6oxbrQvocKwLF3oAyAJgKz1xw root@ubuntu-xenial (ECDSA)
<14>Feb  7 12:04:24 ec2: 256 SHA256:3SF7LM0Re+KSEj3N3YbtTfYHvdlilfRFoJUEk/3zUUc root@ubuntu-xenial (ED25519)
<14>Feb  7 12:04:24 ec2: 2048 SHA256:9cE90DhDwKutfovKTwpYQsLJQt8Vhhg9wEwW9z+niv0 root@ubuntu-xenial (RSA)
<14>Feb  7 12:04:24 ec2: -----END SSH HOST KEY FINGERPRINTS-----
<14>Feb  7 12:04:24 ec2: #############################################################
-----BEGIN SSH HOST KEY KEYS-----
ecdsa-sha2-nistp256 AAAAE2VjZHNhLXNoYTItbmlzdHAyNTYAAAAIbmlzdHAyNTYAAABBBFNWbnLZSOXjH6liBhrBNhun9VWddqHmx94ng5IegPwbEH+Ay+ME+rJHd3XdpIm78CefES4DjGgzV/G49540ffA= root@ubuntu-xenial
ssh-ed25519 AAAAC3NzaC1lZDI1NTE5AAAAIDoJEqAozN+hxoo7SNHDfA/ksaQTh8QUvtKJ6rnljbAC root@ubuntu-xenial
ssh-rsa AAAAB3NzaC1yc2EAAAADAQABAAABAQCyd73Ar0BKRGqzrx1MCteGPMgAzD7Vim499yOG7EkbTfNfQBdfrMLOnlHm9H1xwuxvn+MYRWsm9eFzNQ6bZy4qzG4sEty8BN4L6ap/1veDNhrSz1BKBXNSBUMbfPBX9MVVqpg8Py9mYEumaenVo/7th2jKUNJ9dyGUAm2lJG+0d1mkuGqo+foIfsAesBCu/mKgfKMjh2KbayYKOS0jkxd282lNUcY8e565aoK2kOqNwx1fyitTfjAUYKE0UZl/Xk77sE/gAPJ2oifuCBltt3iv9bfY+mBPR/BurSvYqe4a+979CmYBDASriDrG0LXv9rd4uMVoAod5zEvph69zqVuj root@ubuntu-xenial
-----END SSH HOST KEY KEYS-----
[   20.582035] cloud-init[1299]: Cloud-init v. 17.1 running 'modules:final' at Thu, 07 Feb 2019 12:04:24 +0000. Up 20.41 seconds.
[   20.608425] cloud-init[1299]: ci-info: no authorized ssh keys fingerprints found for user ubuntu.
[   20.636486] [cloud-init[0;32m  OK  [0m[1299]: ] Cloud-init v. 17.1 finished at Thu, 07 Feb 2019 12:04:24 +0000. Datasource DataSourceNoCloud [seed=/dev/sdb][dsmode=net].  Up 20.57 secondsStarted Execute cloud user/final scripts.

[[0;32m  OK  [0m] Reached target Cloud-init target.

Ubuntu 16.04.3 LTS ubuntu-xenial ttyS0

ubuntu-xenial login: 